<?xml version="1.0" encoding="UTF-8"?>
<!-- Generated by org.testng.reporters.JUnitXMLReporter -->
<testsuite ignored="12" hostname="JSP-LAPTOP" failures="1" tests="7" name="Test" time="13.897" errors="0" timestamp="2025-03-15T21:28:43 IST">
  <testcase classname="Tests.SignUpTest" name="SignUp" time="8.055"/>
  <testcase classname="Tests.SignInTest" name="signIn" time="5.07">
    <failure type="org.openqa.selenium.NoSuchElementException" message="no such element: Unable to locate element: {&amp;quot;method&amp;quot;:&amp;quot;xpath&amp;quot;,&amp;quot;selector&amp;quot;:&amp;quot;//div[@id=&amp;apos;MessageBar&amp;apos;]//p&amp;quot;}
  (Session info: chrome=122.0.6261.95)
For documentation on this error, please visit: https://www.selenium.dev/documentation/webdriver/troubleshooting/errors#no-such-element-exception
Build info: version: &amp;apos;4.24.0&amp;apos;, revision: &amp;apos;748ffc9bc3&amp;apos;
System info: os.name: &amp;apos;Windows 11&amp;apos;, os.arch: &amp;apos;amd64&amp;apos;, os.version: &amp;apos;10.0&amp;apos;, java.version: &amp;apos;17.0.12&amp;apos;
Driver info: org.openqa.selenium.chrome.ChromeDriver
Command: [fd9184866beb7fc0454719802beab8a7, findElement {value=//div[@id=&amp;apos;MessageBar&amp;apos;]//p, using=xpath}]
Capabilities {acceptInsecureCerts: false, browserName: chrome, browserVersion: 122.0.6261.95, chrome: {chromedriverVersion: 122.0.6261.128 (f18a44fedeb..., userDataDir: C:\Users\jsp\AppData\Local\...}, fedcm:accounts: true, goog:chromeOptions: {debuggerAddress: localhost:55020}, networkConnectionEnabled: false, pageLoadStrategy: normal, platformName: windows, proxy: Proxy(), se:cdp: ws://localhost:55020/devtoo..., se:cdpVersion: 122.0.6261.95, setWindowRect: true, strictFileInteractability: false, timeouts: {implicit: 0, pageLoad: 300000, script: 30000}, unhandledPromptBehavior: dismiss and notify, webauthn:extension:credBlob: true, webauthn:extension:largeBlob: true, webauthn:extension:minPinLength: true, webauthn:extension:prf: true, webauthn:virtualAuthenticators: true}
Session ID: fd9184866beb7fc0454719802beab8a7">
      <![CDATA[org.openqa.selenium.NoSuchElementException: no such element: Unable to locate element: {"method":"xpath","selector":"//div[@id='MessageBar']//p"}
  (Session info: chrome=122.0.6261.95)
For documentation on this error, please visit: https://www.selenium.dev/documentation/webdriver/troubleshooting/errors#no-such-element-exception
Build info: version: '4.24.0', revision: '748ffc9bc3'
System info: os.name: 'Windows 11', os.arch: 'amd64', os.version: '10.0', java.version: '17.0.12'
Driver info: org.openqa.selenium.chrome.ChromeDriver
Command: [fd9184866beb7fc0454719802beab8a7, findElement {value=//div[@id='MessageBar']//p, using=xpath}]
Capabilities {acceptInsecureCerts: false, browserName: chrome, browserVersion: 122.0.6261.95, chrome: {chromedriverVersion: 122.0.6261.128 (f18a44fedeb..., userDataDir: C:\Users\jsp\AppData\Local\...}, fedcm:accounts: true, goog:chromeOptions: {debuggerAddress: localhost:55020}, networkConnectionEnabled: false, pageLoadStrategy: normal, platformName: windows, proxy: Proxy(), se:cdp: ws://localhost:55020/devtoo..., se:cdpVersion: 122.0.6261.95, setWindowRect: true, strictFileInteractability: false, timeouts: {implicit: 0, pageLoad: 300000, script: 30000}, unhandledPromptBehavior: dismiss and notify, webauthn:extension:credBlob: true, webauthn:extension:largeBlob: true, webauthn:extension:minPinLength: true, webauthn:extension:prf: true, webauthn:virtualAuthenticators: true}
Session ID: fd9184866beb7fc0454719802beab8a7
at org.openqa.selenium.remote.ErrorCodec.decode(ErrorCodec.java:167)
at org.openqa.selenium.remote.codec.w3c.W3CHttpResponseCodec.decode(W3CHttpResponseCodec.java:138)
at org.openqa.selenium.remote.codec.w3c.W3CHttpResponseCodec.decode(W3CHttpResponseCodec.java:50)
at org.openqa.selenium.remote.HttpCommandExecutor.execute(HttpCommandExecutor.java:190)
at org.openqa.selenium.remote.service.DriverCommandExecutor.invokeExecute(DriverCommandExecutor.java:216)
at org.openqa.selenium.remote.service.DriverCommandExecutor.execute(DriverCommandExecutor.java:174)
at org.openqa.selenium.remote.RemoteWebDriver.execute(RemoteWebDriver.java:545)
at org.openqa.selenium.remote.ElementLocation$ElementFinder$2.findElement(ElementLocation.java:165)
at org.openqa.selenium.remote.ElementLocation.findElement(ElementLocation.java:59)
at org.openqa.selenium.remote.RemoteWebDriver.findElement(RemoteWebDriver.java:368)
at org.openqa.selenium.remote.RemoteWebDriver.findElement(RemoteWebDriver.java:362)
at org.openqa.selenium.support.pagefactory.DefaultElementLocator.findElement(DefaultElementLocator.java:68)
at org.openqa.selenium.support.pagefactory.internal.LocatingElementHandler.invoke(LocatingElementHandler.java:38)
at jdk.proxy2/jdk.proxy2.$Proxy14.getText(Unknown Source)
at Pages.SignInPage.MessageBar(SignInPage.java:44)
at Tests.SignInTest.signIn(SignInTest.java:23)
at java.base/java.util.ArrayList.forEach(ArrayList.java:1511)
... Removed 32 stack frames]]>
    </failure>
  </testcase> <!-- signIn -->
  <testcase classname="Tests.OrderPlaceTest" name="placeOrder" time="0.0">
    <skipped/>
  </testcase> <!-- placeOrder -->
  <testcase classname="Tests.ShoppingCartTest" name="ShoppingTest" time="0.0">
    <skipped/>
  </testcase> <!-- ShoppingTest -->
  <testcase classname="Tests.PaymentTest" name="paymentDetails" time="0.0">
    <skipped/>
  </testcase> <!-- paymentDetails -->
  <testcase classname="Tests.OrderConfirmTest" name="OrderConfirm" time="0.0">
    <skipped/>
  </testcase> <!-- OrderConfirm -->
  <testcase classname="Tests.OrderDetailTest" name="OrderDetail" time="0.0">
    <skipped/>
  </testcase> <!-- OrderDetail -->
  <testcase classname="Utility.DriversInit" name="@AfterSuite driverClose" time="0.0">
    <ignored/>
  </testcase> <!-- @AfterSuite driverClose -->
  <testcase classname="Utility.DriversInit" name="@AfterSuite driverClose" time="0.0">
    <ignored/>
  </testcase> <!-- @AfterSuite driverClose -->
  <testcase classname="Utility.DriversInit" name="@AfterSuite driverClose" time="0.0">
    <ignored/>
  </testcase> <!-- @AfterSuite driverClose -->
  <testcase classname="Utility.DriversInit" name="@AfterSuite driverClose" time="0.0">
    <ignored/>
  </testcase> <!-- @AfterSuite driverClose -->
  <testcase classname="Utility.DriversInit" name="@AfterSuite driverClose" time="0.0">
    <ignored/>
  </testcase> <!-- @AfterSuite driverClose -->
  <testcase classname="Utility.DriversInit" name="@AfterSuite driverClose" time="0.0">
    <ignored/>
  </testcase> <!-- @AfterSuite driverClose -->
  <testcase classname="Utility.DriversInit" name="@BeforeSuite driverSelection" time="0.0">
    <ignored/>
  </testcase> <!-- @BeforeSuite driverSelection -->
  <testcase classname="Utility.DriversInit" name="@BeforeSuite driverSelection" time="0.0">
    <ignored/>
  </testcase> <!-- @BeforeSuite driverSelection -->
  <testcase classname="Utility.DriversInit" name="@BeforeSuite driverSelection" time="0.0">
    <ignored/>
  </testcase> <!-- @BeforeSuite driverSelection -->
  <testcase classname="Utility.DriversInit" name="@BeforeSuite driverSelection" time="0.0">
    <ignored/>
  </testcase> <!-- @BeforeSuite driverSelection -->
  <testcase classname="Utility.DriversInit" name="@BeforeSuite driverSelection" time="0.0">
    <ignored/>
  </testcase> <!-- @BeforeSuite driverSelection -->
  <testcase classname="Utility.DriversInit" name="@BeforeSuite driverSelection" time="0.0">
    <ignored/>
  </testcase> <!-- @BeforeSuite driverSelection -->
</testsuite> <!-- Test -->
